<?xml version="1.0" encoding="UTF-8"?>
<!-- Generated by org.testng.reporters.JUnitXMLReporter -->
<testsuite ignored="0" hostname="febens-MacBook-Air.local" failures="1" tests="2" name="Command line test" time="0.088" errors="0" timestamp="09 Sep 2019 02:40:00 GMT">
  <testcase classname="mavensample.tests.SampleTest" name="FirstTest" time="0.01">
    <failure type="java.lang.AssertionError" message="null">
      <![CDATA[java.lang.AssertionError: null
at mavensample.tests.SampleTest.FirstTest(SampleTest.java:12)
... Removed 36 stack frames]]>
    </failure>
  </testcase> <!-- FirstTest -->
  <testcase classname="mavensample.tests.SampleTest" name="SecondTest" time="0.0"/>
</testsuite> <!-- Command line test -->
